<?xml version="1.0" encoding="UTF-8"?>
<!-- Generated by org.testng.reporters.JUnitReportReporter -->
<testsuite skipped="0" hostname="Ganesh" name="com.qa.test.Get_Api_Test" tests="1" failures="0" timestamp="11 May 2020 18:23:12 GMT" time="3.115" errors="0">
  <testcase name="getAPITest" time="3.115" classname="com.qa.test.Get_Api_Test"/>
</testsuite> <!-- com.qa.test.Get_Api_Test -->
