<?xml version="1.0" encoding="UTF-8"?>
<!-- Generated by org.testng.reporters.JUnitReportReporter -->
<testsuite skipped="0" hostname="Ganesh" name="com.qa.test.Post_API" tests="1" failures="0" timestamp="08 May 2020 15:04:58 GMT" time="8.431" errors="0">
  <testcase name="postAPiTest" time="8.431" classname="com.qa.test.Post_API"/>
</testsuite> <!-- com.qa.test.Post_API -->
