<?xml version="1.0" encoding="UTF-8"?>
<!-- Generated by org.testng.reporters.JUnitReportReporter -->
<testsuite skipped="0" hostname="Ganesh" name="com.qa.test.GetApiTest" tests="1" failures="0" timestamp="05 May 2020 05:11:22 GMT" time="2.907" errors="0">
  <testcase name="voidgetAPITest" time="2.907" classname="com.qa.test.GetApiTest"/>
</testsuite> <!-- com.qa.test.GetApiTest -->
