<?xml version="1.0" encoding="UTF-8"?>
<!-- Generated by org.testng.reporters.JUnitReportReporter -->
<testsuite skipped="0" hostname="Ganesh" name="com.qa.test.Post_API" tests="1" failures="0" timestamp="08 May 2020 13:32:26 GMT" time="3.099" errors="0">
  <testcase name="postAPiTest" time="3.099" classname="com.qa.test.Post_API"/>
</testsuite> <!-- com.qa.test.Post_API -->
