<?xml version="1.0" encoding="UTF-8"?>
<!-- Generated by org.testng.reporters.JUnitReportReporter -->
<testsuite skipped="0" hostname="Ganesh" name="tests.OrangeHRM" tests="1" failures="0" timestamp="2020-04-12T01:11:08 IST" time="20.793" errors="0">
  <testcase name="logIn" time="20.793" classname="tests.OrangeHRM"/>
  <system-out/>
</testsuite> <!-- tests.OrangeHRM -->
