<?xml version="1.0" encoding="UTF-8"?>
<!-- Generated by org.testng.reporters.JUnitReportReporter -->
<testsuite skipped="0" hostname="Ganesh" name="tests.OrangeHRM" tests="2" failures="0" timestamp="2020-05-13T10:39:49 IST" time="41.935" errors="0">
  <testcase name="logIn" time="17.056" classname="tests.OrangeHRM"/>
  <system-out/>
  <testcase name="logOut" time="24.879" classname="tests.OrangeHRM"/>
  <system-out/>
</testsuite> <!-- tests.OrangeHRM -->
