<?xml version="1.0" encoding="UTF-8"?>
<!-- Generated by org.testng.reporters.JUnitReportReporter -->
<testsuite skipped="0" hostname="Ganesh" name="tests.OrangeHRM" tests="1" failures="0" timestamp="2020-04-11T18:09:33 IST" time="26.934" errors="0">
  <testcase name="logIn" time="26.934" classname="tests.OrangeHRM"/>
  <system-out/>
</testsuite> <!-- tests.OrangeHRM -->
