<?xml version="1.0" encoding="UTF-8"?>
<!-- Generated by org.testng.reporters.JUnitReportReporter -->
<testsuite skipped="0" hostname="Ganesh" name="com.Utils.ElementColour" tests="1" failures="0" timestamp="2020-05-13T12:54:21 IST" time="9.058" errors="0">
  <testcase name="ColourOfElement" time="9.058" classname="com.Utils.ElementColour"/>
  <system-out/>
</testsuite> <!-- com.Utils.ElementColour -->
