<?xml version="1.0" encoding="UTF-8"?>
<!-- Generated by org.testng.reporters.JUnitReportReporter -->
<testsuite skipped="0" hostname="Ganesh" name="com.Utils.Links" tests="1" failures="0" timestamp="2020-05-10T13:20:14 IST" time="23.259" errors="0">
  <testcase name="BrokenLinks" time="23.259" classname="com.Utils.Links"/>
  <system-out/>
</testsuite> <!-- com.Utils.Links -->
