<?xml version="1.0" encoding="UTF-8"?>
<!-- Generated by org.testng.reporters.JUnitReportReporter -->
<testsuite skipped="0" hostname="Ganesh" name="tests.Test_01" tests="1" failures="0" timestamp="2020-04-10T23:19:25 IST" time="0.005" errors="0">
  <testcase name="f" time="0.005" classname="tests.Test_01"/>
  <system-out/>
</testsuite> <!-- tests.Test_01 -->
